<?xml version="1.0" encoding="UTF-8"?>
<!-- Generated by org.testng.reporters.JUnitXMLReporter -->
<testsuite ignored="0" hostname="Priya_Oryggi" failures="1" tests="10" name="Default test" time="143.361" errors="0" timestamp="2025-04-07T00:06:26 IST">
  <testcase classname="com.oryggi.tests.LoginTest" name="testEmptyFieldsValidation" time="0.15"/>
  <testcase classname="com.oryggi.tests.LoginTest" name="testLoginWithEmail" time="2.345"/>
  <testcase classname="com.oryggi.tests.LoginTest" name="testLoginWithEmptyPassword" time="0.842"/>
  <testcase classname="com.oryggi.tests.LoginTest" name="testLoginWithEmptyUsername" time="0.3"/>
  <testcase classname="com.oryggi.tests.LoginTest" name="testLoginWithInvalidCredentials" time="1.487"/>
  <testcase classname="com.oryggi.tests.LoginTest" name="testLoginWithUsername" time="2.368"/>
  <testcase classname="com.oryggi.tests.LoginTest" name="testPasswordMasking" time="0.09"/>
  <testcase classname="com.oryggi.tests.LoginTest" name="testRememberMeFunctionality" time="2.645">
    <failure type="java.lang.AssertionError" message="Remember Me functionality failed! expected [Admin] but found []">
      <![CDATA[java.lang.AssertionError: Remember Me functionality failed! expected [Admin] but found []
at org.testng.Assert.fail(Assert.java:99)
at org.testng.Assert.failNotEquals(Assert.java:1037)
at org.testng.Assert.assertEqualsImpl(Assert.java:140)
at org.testng.Assert.assertEquals(Assert.java:122)
at org.testng.Assert.assertEquals(Assert.java:629)
at com.oryggi.tests.LoginTest.testRememberMeFunctionality(LoginTest.java:138)
at java.base/jdk.internal.reflect.DirectMethodHandleAccessor.invoke(DirectMethodHandleAccessor.java:103)
at java.base/java.lang.reflect.Method.invoke(Method.java:580)
at org.testng.internal.MethodInvocationHelper.invokeMethod(MethodInvocationHelper.java:133)
at org.testng.internal.TestInvoker.invokeMethod(TestInvoker.java:598)
at org.testng.internal.TestInvoker.invokeTestMethod(TestInvoker.java:173)
at org.testng.internal.MethodRunner.runInSequence(MethodRunner.java:46)
at org.testng.internal.TestInvoker$MethodInvocationAgent.invoke(TestInvoker.java:824)
at org.testng.internal.TestInvoker.invokeTestMethods(TestInvoker.java:146)
at org.testng.internal.TestMethodWorker.invokeTestMethods(TestMethodWorker.java:146)
at org.testng.internal.TestMethodWorker.run(TestMethodWorker.java:128)
at java.base/java.util.ArrayList.forEach(ArrayList.java:1596)
at org.testng.TestRunner.privateRun(TestRunner.java:794)
at org.testng.TestRunner.run(TestRunner.java:596)
at org.testng.SuiteRunner.runTest(SuiteRunner.java:377)
at org.testng.SuiteRunner.runSequentially(SuiteRunner.java:371)
at org.testng.SuiteRunner.privateRun(SuiteRunner.java:332)
at org.testng.SuiteRunner.run(SuiteRunner.java:276)
at org.testng.SuiteRunnerWorker.runSuite(SuiteRunnerWorker.java:53)
at org.testng.SuiteRunnerWorker.run(SuiteRunnerWorker.java:96)
at org.testng.TestNG.runSuitesSequentially(TestNG.java:1212)
at org.testng.TestNG.runSuitesLocally(TestNG.java:1134)
at org.testng.TestNG.runSuites(TestNG.java:1063)
at org.testng.TestNG.run(TestNG.java:1031)
at org.testng.remote.AbstractRemoteTestNG.run(AbstractRemoteTestNG.java:115)
at org.testng.remote.RemoteTestNG.initAndRun(RemoteTestNG.java:293)
at org.testng.remote.RemoteTestNG.main(RemoteTestNG.java:91)
]]>
    </failure>
  </testcase> <!-- testRememberMeFunctionality -->
  <testcase classname="com.oryggi.tests.LoginTest" name="verifyLoginPageTitle" time="0.0"/>
  <testcase classname="com.oryggi.tests.LoginTest" name="testLoginPageResponsiveness" time="94.39"/>
</testsuite> <!-- Default test -->
