<?xml version="1.0" encoding="UTF-8"?>
<testng-results ignored="0" total="10" passed="9" failed="1" skipped="0">
  <reporter-output>
  </reporter-output>
  <suite started-at="2025-04-07T00:04:02 IST" name="Default suite" finished-at="2025-04-07T00:06:26 IST" duration-ms="143361">
    <groups>
    </groups>
    <test started-at="2025-04-07T00:04:02 IST" name="Default test" finished-at="2025-04-07T00:06:26 IST" duration-ms="143361">
      <class name="com.oryggi.tests.LoginTest">
        <test-method is-config="true" signature="setup()[pri:0, instance:com.oryggi.tests.LoginTest@8dbdac1]" started-at="2025-04-07T00:04:02 IST" name="setup" finished-at="2025-04-07T00:04:07 IST" duration-ms="4347" status="PASS">
          <reporter-output>
          </reporter-output>
        </test-method> <!-- setup -->
        <test-method signature="testEmptyFieldsValidation()[pri:0, instance:com.oryggi.tests.LoginTest@8dbdac1]" started-at="2025-04-07T00:04:07 IST" name="testEmptyFieldsValidation" finished-at="2025-04-07T00:04:07 IST" duration-ms="150" status="PASS">
          <reporter-output>
          </reporter-output>
        </test-method> <!-- testEmptyFieldsValidation -->
        <test-method is-config="true" signature="tearDown()[pri:0, instance:com.oryggi.tests.LoginTest@8dbdac1]" started-at="2025-04-07T00:04:07 IST" name="tearDown" finished-at="2025-04-07T00:04:07 IST" duration-ms="0" status="PASS">
          <reporter-output>
          </reporter-output>
        </test-method> <!-- tearDown -->
        <test-method is-config="true" signature="setup()[pri:0, instance:com.oryggi.tests.LoginTest@8dbdac1]" started-at="2025-04-07T00:04:07 IST" name="setup" finished-at="2025-04-07T00:04:10 IST" duration-ms="3389" status="PASS">
          <reporter-output>
          </reporter-output>
        </test-method> <!-- setup -->
        <test-method signature="testLoginWithEmail()[pri:0, instance:com.oryggi.tests.LoginTest@8dbdac1]" started-at="2025-04-07T00:04:10 IST" name="testLoginWithEmail" finished-at="2025-04-07T00:04:12 IST" duration-ms="2345" status="PASS">
          <reporter-output>
          </reporter-output>
        </test-method> <!-- testLoginWithEmail -->
        <test-method is-config="true" signature="tearDown()[pri:0, instance:com.oryggi.tests.LoginTest@8dbdac1]" started-at="2025-04-07T00:04:12 IST" name="tearDown" finished-at="2025-04-07T00:04:12 IST" duration-ms="0" status="PASS">
          <reporter-output>
          </reporter-output>
        </test-method> <!-- tearDown -->
        <test-method is-config="true" signature="setup()[pri:0, instance:com.oryggi.tests.LoginTest@8dbdac1]" started-at="2025-04-07T00:04:12 IST" name="setup" finished-at="2025-04-07T00:04:16 IST" duration-ms="3373" status="PASS">
          <reporter-output>
          </reporter-output>
        </test-method> <!-- setup -->
        <test-method signature="testLoginWithEmptyPassword()[pri:0, instance:com.oryggi.tests.LoginTest@8dbdac1]" started-at="2025-04-07T00:04:16 IST" name="testLoginWithEmptyPassword" finished-at="2025-04-07T00:04:17 IST" duration-ms="842" status="PASS">
          <reporter-output>
          </reporter-output>
        </test-method> <!-- testLoginWithEmptyPassword -->
        <test-method is-config="true" signature="tearDown()[pri:0, instance:com.oryggi.tests.LoginTest@8dbdac1]" started-at="2025-04-07T00:04:17 IST" name="tearDown" finished-at="2025-04-07T00:04:17 IST" duration-ms="0" status="PASS">
          <reporter-output>
          </reporter-output>
        </test-method> <!-- tearDown -->
        <test-method is-config="true" signature="setup()[pri:0, instance:com.oryggi.tests.LoginTest@8dbdac1]" started-at="2025-04-07T00:04:17 IST" name="setup" finished-at="2025-04-07T00:04:20 IST" duration-ms="3802" status="PASS">
          <reporter-output>
          </reporter-output>
        </test-method> <!-- setup -->
        <test-method signature="testLoginWithEmptyUsername()[pri:0, instance:com.oryggi.tests.LoginTest@8dbdac1]" started-at="2025-04-07T00:04:20 IST" name="testLoginWithEmptyUsername" finished-at="2025-04-07T00:04:21 IST" duration-ms="300" status="PASS">
          <reporter-output>
          </reporter-output>
        </test-method> <!-- testLoginWithEmptyUsername -->
        <test-method is-config="true" signature="tearDown()[pri:0, instance:com.oryggi.tests.LoginTest@8dbdac1]" started-at="2025-04-07T00:04:21 IST" name="tearDown" finished-at="2025-04-07T00:04:21 IST" duration-ms="0" status="PASS">
          <reporter-output>
          </reporter-output>
        </test-method> <!-- tearDown -->
        <test-method is-config="true" signature="setup()[pri:0, instance:com.oryggi.tests.LoginTest@8dbdac1]" started-at="2025-04-07T00:04:21 IST" name="setup" finished-at="2025-04-07T00:04:25 IST" duration-ms="3757" status="PASS">
          <reporter-output>
          </reporter-output>
        </test-method> <!-- setup -->
        <test-method signature="testLoginWithInvalidCredentials()[pri:0, instance:com.oryggi.tests.LoginTest@8dbdac1]" started-at="2025-04-07T00:04:25 IST" name="testLoginWithInvalidCredentials" finished-at="2025-04-07T00:04:26 IST" duration-ms="1487" status="PASS">
          <reporter-output>
          </reporter-output>
        </test-method> <!-- testLoginWithInvalidCredentials -->
        <test-method is-config="true" signature="tearDown()[pri:0, instance:com.oryggi.tests.LoginTest@8dbdac1]" started-at="2025-04-07T00:04:26 IST" name="tearDown" finished-at="2025-04-07T00:04:26 IST" duration-ms="4" status="PASS">
          <reporter-output>
          </reporter-output>
        </test-method> <!-- tearDown -->
        <test-method is-config="true" signature="setup()[pri:0, instance:com.oryggi.tests.LoginTest@8dbdac1]" started-at="2025-04-07T00:04:26 IST" name="setup" finished-at="2025-04-07T00:04:30 IST" duration-ms="4198" status="PASS">
          <reporter-output>
          </reporter-output>
        </test-method> <!-- setup -->
        <test-method signature="testLoginWithUsername()[pri:0, instance:com.oryggi.tests.LoginTest@8dbdac1]" started-at="2025-04-07T00:04:30 IST" name="testLoginWithUsername" finished-at="2025-04-07T00:04:33 IST" duration-ms="2368" status="PASS">
          <reporter-output>
          </reporter-output>
        </test-method> <!-- testLoginWithUsername -->
        <test-method is-config="true" signature="setup()[pri:0, instance:com.oryggi.tests.LoginTest@8dbdac1]" started-at="2025-04-07T00:04:33 IST" name="setup" finished-at="2025-04-07T00:04:37 IST" duration-ms="4048" status="PASS">
          <reporter-output>
          </reporter-output>
        </test-method> <!-- setup -->
        <test-method is-config="true" signature="tearDown()[pri:0, instance:com.oryggi.tests.LoginTest@8dbdac1]" started-at="2025-04-07T00:04:33 IST" name="tearDown" finished-at="2025-04-07T00:04:33 IST" duration-ms="0" status="PASS">
          <reporter-output>
          </reporter-output>
        </test-method> <!-- tearDown -->
        <test-method signature="testPasswordMasking()[pri:0, instance:com.oryggi.tests.LoginTest@8dbdac1]" started-at="2025-04-07T00:04:37 IST" name="testPasswordMasking" finished-at="2025-04-07T00:04:37 IST" duration-ms="90" status="PASS">
          <reporter-output>
          </reporter-output>
        </test-method> <!-- testPasswordMasking -->
        <test-method is-config="true" signature="tearDown()[pri:0, instance:com.oryggi.tests.LoginTest@8dbdac1]" started-at="2025-04-07T00:04:37 IST" name="tearDown" finished-at="2025-04-07T00:04:37 IST" duration-ms="0" status="PASS">
          <reporter-output>
          </reporter-output>
        </test-method> <!-- tearDown -->
        <test-method is-config="true" signature="setup()[pri:0, instance:com.oryggi.tests.LoginTest@8dbdac1]" started-at="2025-04-07T00:04:37 IST" name="setup" finished-at="2025-04-07T00:04:41 IST" duration-ms="4463" status="PASS">
          <reporter-output>
          </reporter-output>
        </test-method> <!-- setup -->
        <test-method signature="testRememberMeFunctionality()[pri:0, instance:com.oryggi.tests.LoginTest@8dbdac1]" started-at="2025-04-07T00:04:41 IST" name="testRememberMeFunctionality" finished-at="2025-04-07T00:04:44 IST" duration-ms="2645" status="FAIL">
          <exception class="java.lang.AssertionError">
            <message>
              <![CDATA[Remember Me functionality failed! expected [Admin] but found []]]>
            </message>
            <full-stacktrace>
              <![CDATA[java.lang.AssertionError: Remember Me functionality failed! expected [Admin] but found []
at org.testng.Assert.fail(Assert.java:99)
at org.testng.Assert.failNotEquals(Assert.java:1037)
at org.testng.Assert.assertEqualsImpl(Assert.java:140)
at org.testng.Assert.assertEquals(Assert.java:122)
at org.testng.Assert.assertEquals(Assert.java:629)
at com.oryggi.tests.LoginTest.testRememberMeFunctionality(LoginTest.java:138)
at java.base/jdk.internal.reflect.DirectMethodHandleAccessor.invoke(DirectMethodHandleAccessor.java:103)
at java.base/java.lang.reflect.Method.invoke(Method.java:580)
at org.testng.internal.MethodInvocationHelper.invokeMethod(MethodInvocationHelper.java:133)
at org.testng.internal.TestInvoker.invokeMethod(TestInvoker.java:598)
at org.testng.internal.TestInvoker.invokeTestMethod(TestInvoker.java:173)
at org.testng.internal.MethodRunner.runInSequence(MethodRunner.java:46)
at org.testng.internal.TestInvoker$MethodInvocationAgent.invoke(TestInvoker.java:824)
at org.testng.internal.TestInvoker.invokeTestMethods(TestInvoker.java:146)
at org.testng.internal.TestMethodWorker.invokeTestMethods(TestMethodWorker.java:146)
at org.testng.internal.TestMethodWorker.run(TestMethodWorker.java:128)
at java.base/java.util.ArrayList.forEach(ArrayList.java:1596)
at org.testng.TestRunner.privateRun(TestRunner.java:794)
at org.testng.TestRunner.run(TestRunner.java:596)
at org.testng.SuiteRunner.runTest(SuiteRunner.java:377)
at org.testng.SuiteRunner.runSequentially(SuiteRunner.java:371)
at org.testng.SuiteRunner.privateRun(SuiteRunner.java:332)
at org.testng.SuiteRunner.run(SuiteRunner.java:276)
at org.testng.SuiteRunnerWorker.runSuite(SuiteRunnerWorker.java:53)
at org.testng.SuiteRunnerWorker.run(SuiteRunnerWorker.java:96)
at org.testng.TestNG.runSuitesSequentially(TestNG.java:1212)
at org.testng.TestNG.runSuitesLocally(TestNG.java:1134)
at org.testng.TestNG.runSuites(TestNG.java:1063)
at org.testng.TestNG.run(TestNG.java:1031)
at org.testng.remote.AbstractRemoteTestNG.run(AbstractRemoteTestNG.java:115)
at org.testng.remote.RemoteTestNG.initAndRun(RemoteTestNG.java:293)
at org.testng.remote.RemoteTestNG.main(RemoteTestNG.java:91)
]]>
            </full-stacktrace>
          </exception> <!-- java.lang.AssertionError -->
          <reporter-output>
          </reporter-output>
        </test-method> <!-- testRememberMeFunctionality -->
        <test-method is-config="true" signature="tearDown()[pri:0, instance:com.oryggi.tests.LoginTest@8dbdac1]" started-at="2025-04-07T00:04:44 IST" name="tearDown" finished-at="2025-04-07T00:04:44 IST" duration-ms="0" status="PASS">
          <reporter-output>
          </reporter-output>
        </test-method> <!-- tearDown -->
        <test-method is-config="true" signature="setup()[pri:0, instance:com.oryggi.tests.LoginTest@8dbdac1]" started-at="2025-04-07T00:04:44 IST" name="setup" finished-at="2025-04-07T00:04:48 IST" duration-ms="3588" status="PASS">
          <reporter-output>
          </reporter-output>
        </test-method> <!-- setup -->
        <test-method signature="verifyLoginPageTitle()[pri:0, instance:com.oryggi.tests.LoginTest@8dbdac1]" started-at="2025-04-07T00:04:48 IST" name="verifyLoginPageTitle" finished-at="2025-04-07T00:04:48 IST" duration-ms="0" status="PASS">
          <reporter-output>
          </reporter-output>
        </test-method> <!-- verifyLoginPageTitle -->
        <test-method is-config="true" signature="tearDown()[pri:0, instance:com.oryggi.tests.LoginTest@8dbdac1]" started-at="2025-04-07T00:04:48 IST" name="tearDown" finished-at="2025-04-07T00:04:48 IST" duration-ms="0" status="PASS">
          <reporter-output>
          </reporter-output>
        </test-method> <!-- tearDown -->
        <test-method is-config="true" signature="setup()[pri:0, instance:com.oryggi.tests.LoginTest@8dbdac1]" started-at="2025-04-07T00:04:48 IST" name="setup" finished-at="2025-04-07T00:04:51 IST" duration-ms="3531" status="PASS">
          <reporter-output>
          </reporter-output>
        </test-method> <!-- setup -->
        <test-method signature="testLoginPageResponsiveness()[pri:1, instance:com.oryggi.tests.LoginTest@8dbdac1]" started-at="2025-04-07T00:04:51 IST" name="testLoginPageResponsiveness" finished-at="2025-04-07T00:06:26 IST" duration-ms="94390" status="PASS">
          <reporter-output>
          </reporter-output>
        </test-method> <!-- testLoginPageResponsiveness -->
        <test-method is-config="true" signature="tearDown()[pri:0, instance:com.oryggi.tests.LoginTest@8dbdac1]" started-at="2025-04-07T00:06:26 IST" name="tearDown" finished-at="2025-04-07T00:06:26 IST" duration-ms="0" status="PASS">
          <reporter-output>
          </reporter-output>
        </test-method> <!-- tearDown -->
      </class> <!-- com.oryggi.tests.LoginTest -->
    </test> <!-- Default test -->
  </suite> <!-- Default suite -->
</testng-results>
